mode: set
github.com/kdsama/kdb/logger/logger.go:16.52,21.25 2 1
github.com/kdsama/kdb/logger/logger.go:21.25,23.3 1 1
github.com/kdsama/kdb/logger/logger.go:24.2,24.12 1 1
github.com/kdsama/kdb/logger/logger.go:27.53,29.25 2 1
github.com/kdsama/kdb/logger/logger.go:29.25,31.3 1 1
github.com/kdsama/kdb/logger/logger.go:32.2,33.13 2 1
github.com/kdsama/kdb/logger/logger.go:33.13,35.3 1 0
github.com/kdsama/kdb/logger/logger.go:36.2,36.33 1 1
github.com/kdsama/kdb/logger/logger.go:39.53,41.25 2 1
github.com/kdsama/kdb/logger/logger.go:41.25,43.3 1 1
github.com/kdsama/kdb/logger/logger.go:44.2,45.13 2 1
github.com/kdsama/kdb/logger/logger.go:45.13,47.3 1 0
github.com/kdsama/kdb/logger/logger.go:48.2,48.33 1 1
github.com/kdsama/kdb/logger/logger.go:51.54,53.26 2 1
github.com/kdsama/kdb/logger/logger.go:53.26,55.3 1 0
github.com/kdsama/kdb/logger/logger.go:56.2,57.13 2 1
github.com/kdsama/kdb/logger/logger.go:57.13,59.3 1 0
github.com/kdsama/kdb/logger/logger.go:60.2,60.33 1 1
github.com/kdsama/kdb/logger/logger.go:63.54,65.26 2 0
github.com/kdsama/kdb/logger/logger.go:65.26,67.3 1 0
github.com/kdsama/kdb/logger/logger.go:68.2,69.13 2 0
github.com/kdsama/kdb/logger/logger.go:69.13,71.3 1 0
github.com/kdsama/kdb/logger/logger.go:72.2,73.12 2 0
github.com/kdsama/kdb/logger/logger.go:76.52,78.2 1 1
github.com/kdsama/kdb/logger/options.go:7.41,8.26 1 1
github.com/kdsama/kdb/logger/options.go:8.26,10.3 1 1
github.com/kdsama/kdb/logger/options.go:13.36,14.26 1 0
github.com/kdsama/kdb/logger/options.go:14.26,16.3 1 0
